#
# There is insufficient memory for the Java Runtime Environment to continue.
# Native memory allocation (mmap) failed to map 134217728 bytes for Failed to commit area from 0x0000000081c00000 to 0x0000000089c00000 of length 134217728.
# Possible reasons:
#   The system is out of physical RAM or swap space
#   The process is running with CompressedOops enabled, and the Java Heap may be blocking the growth of the native heap
# Possible solutions:
#   Reduce memory load on the system
#   Increase physical memory or swap space
#   Check if swap backing store is full
#   Decrease Java heap size (-Xmx/-Xms)
#   Decrease number of Java threads
#   Decrease Java thread stack sizes (-Xss)
#   Set larger code cache with -XX:ReservedCodeCacheSize=
# This output file may be truncated or incomplete.
#
#  Out of Memory Error (t:/workspace/open/src/hotspot/os/windows/os_windows.cpp:3301), pid=36544, tid=35024
#
# JRE version:  (13.0.2+8) (build )
# Java VM: Java HotSpot(TM) 64-Bit Server VM (13.0.2+8, mixed mode, aot, sharing, tiered, compressed oops, g1 gc, windows-amd64)
# No core dump will be written. Minidumps are not enabled by default on client versions of Windows
#

---------------  S U M M A R Y ------------

Command Line: -XX:TieredStopAtLevel=1 -Xverify:none -Dspring.output.ansi.enabled=always -Dcom.sun.management.jmxremote -Dcom.sun.management.jmxremote.port=63621 -Dcom.sun.management.jmxremote.authenticate=false -Dcom.sun.management.jmxremote.ssl=false -Djava.rmi.server.hostname=localhost -Dspring.liveBeansView.mbeanDomain -Dspring.application.admin.enabled=true -Didea.launcher.port=63622 -Didea.launcher.bin.path=C:\Program Files\JetBrains\IntelliJ IDEA 2018.3.3\bin -Dfile.encoding=UTF-8 com.intellij.rt.execution.application.AppMainV2 com.example.eruake.EruakeApplication

Host: Intel(R) Core(TM) i7-4720HQ CPU @ 2.60GHz, 8 cores, 7G,  Windows 10 , 64 bit Build 18362 (10.0.18362.778)
Time: Fri Jun 26 11:36:28 2020 ?D1¨²¡À¨º¡Á?¨º¡À?? elapsed time: 0 seconds (0d 0h 0m 0s)

---------------  T H R E A D  ---------------

Current thread (0x000001506dc05800):  JavaThread "Unknown thread" [_thread_in_vm, id=35024, stack(0x0000000399900000,0x0000000399a00000)]

Stack: [0x0000000399900000,0x0000000399a00000]
Native frames: (J=compiled Java code, j=interpreted, Vv=VM code, C=native code)
V  [jvm.dll+0x624f9a]
V  [jvm.dll+0x770cfa]
V  [jvm.dll+0x7724af]
V  [jvm.dll+0x772ab3]
V  [jvm.dll+0x24bf08]
V  [jvm.dll+0x6222aa]
V  [jvm.dll+0x6170b5]
V  [jvm.dll+0x30a88c]
V  [jvm.dll+0x30a6c2]
V  [jvm.dll+0x30fe36]
V  [jvm.dll+0x353f46]
V  [jvm.dll+0x353720]
V  [jvm.dll+0x2e550a]
V  [jvm.dll+0x2e67a2]
V  [jvm.dll+0x74dd78]
V  [jvm.dll+0x361989]
V  [jvm.dll+0x730e65]
V  [jvm.dll+0x3cc53f]
V  [jvm.dll+0x3ce861]
C  [jli.dll+0x51ff]
C  [ucrtbase.dll+0x20e82]
C  [KERNEL32.DLL+0x17bd4]
C  [ntdll.dll+0x6ce51]


---------------  P R O C E S S  ---------------

Threads class SMR info:
_java_thread_list=0x00007fffe794ccb8, length=0, elements={
}

Java Threads: ( => current thread )

Other Threads:
  0x000001506dc4c000 GCTaskThread "GC Thread#0" [stack: 0x0000000399a00000,0x0000000399b00000] [id=31404]
  0x000001506dc5d000 ConcurrentGCThread "G1 Main Marker" [stack: 0x0000000399b00000,0x0000000399c00000] [id=34108]
  0x000001506dc5e800 ConcurrentGCThread "G1 Conc#0" [stack: 0x0000000399c00000,0x0000000399d00000] [id=29556]

[error occurred during error reporting (printing all threads), id 0xc0000005, EXCEPTION_ACCESS_VIOLATION (0xc0000005) at pc=0x00007fffe71851d7]

VM state:not at safepoint (not fully initialized)

VM Mutex/Monitor currently owned by a thread:  ([mutex/lock_event])
[0x000001506dc02cb0] Heap_lock - owner thread: 0x000001506dc05800

Heap address: 0x0000000081c00000, size: 2020 MB, Compressed Oops mode: Non-zero based: 0x0000000081c00000
Narrow klass base: 0x0000000000000000, Narrow klass shift: 0

GC Heap History (0 events):
No events

Deoptimization events (0 events):
No events

Classes unloaded (0 events):
No events

Classes redefined (0 events):
No events

Internal exceptions (0 events):
No events

Events (8 events):
Event: 0.026 Loaded shared library C:\Program Files\Java\jdk-13.0.2\bin\zip.dll
Event: 0.027 Loaded shared library C:\Program Files\Java\jdk-13.0.2\bin\jimage.dll
Event: 0.032 Loading shared library C:\Program Files\Java\jdk-13.0.2\lib\libjava.base-coop.dll failed, error code 126
Event: 0.032 Loading shared library C:\Program Files\Java\jdk-13.0.2\lib\libjava.logging-coop.dll failed, error code 126
Event: 0.032 Loading shared library C:\Program Files\Java\jdk-13.0.2\lib\libjdk.compiler-coop.dll failed, error code 126
Event: 0.032 Loading shared library C:\Program Files\Java\jdk-13.0.2\lib\libjdk.scripting.nashorn-coop.dll failed, error code 126
Event: 0.032 Loading shared library C:\Program Files\Java\jdk-13.0.2\lib\libjdk.internal.vm.ci-coop.dll failed, error code 126
Event: 0.033 Loading shared library C:\Program Files\Java\jdk-13.0.2\lib\libjdk.internal.vm.compiler-coop.dll failed, error code 126


Dynamic libraries:
0x00007ff7deba0000 - 0x00007ff7debaf000 	C:\Program Files\Java\jdk-13.0.2\bin\java.exe
0x00007ff829a40000 - 0x00007ff829c30000 	C:\WINDOWS\SYSTEM32\ntdll.dll
0x00007ff8285f0000 - 0x00007ff8286a2000 	C:\WINDOWS\System32\KERNEL32.DLL
0x00007ff826ab0000 - 0x00007ff826d54000 	C:\WINDOWS\System32\KERNELBASE.dll
0x00007ff8277e0000 - 0x00007ff8278da000 	C:\WINDOWS\System32\ucrtbase.dll
0x00007ff8253e0000 - 0x00007ff8253f5000 	C:\Program Files\Java\jdk-13.0.2\bin\VCRUNTIME140.dll
0x00007ff825460000 - 0x00007ff825478000 	C:\Program Files\Java\jdk-13.0.2\bin\jli.dll
0x00007ff828ce0000 - 0x00007ff828d83000 	C:\WINDOWS\System32\ADVAPI32.dll
0x00007ff827af0000 - 0x00007ff827b8e000 	C:\WINDOWS\System32\msvcrt.dll
0x00007ff8286c0000 - 0x00007ff828757000 	C:\WINDOWS\System32\sechost.dll
0x00007ff8298e0000 - 0x00007ff829a00000 	C:\WINDOWS\System32\RPCRT4.dll
0x00007ff828310000 - 0x00007ff8284a4000 	C:\WINDOWS\System32\USER32.dll
0x00007ff826e90000 - 0x00007ff826eb1000 	C:\WINDOWS\System32\win32u.dll
0x00007ff8297e0000 - 0x00007ff829806000 	C:\WINDOWS\System32\GDI32.dll
0x00007ff827640000 - 0x00007ff8277d4000 	C:\WINDOWS\System32\gdi32full.dll
0x00007ff827900000 - 0x00007ff82799e000 	C:\WINDOWS\System32\msvcp_win.dll
0x00007ff815c70000 - 0x00007ff815ef4000 	C:\WINDOWS\WinSxS\amd64_microsoft.windows.common-controls_6595b64144ccf1df_6.0.18362.836_none_e6c4b943130f18ed\COMCTL32.dll
0x00007ff8289a0000 - 0x00007ff828cd6000 	C:\WINDOWS\System32\combase.dll
0x00007ff8253d0000 - 0x00007ff8253da000 	C:\WINDOWS\SYSTEM32\VERSION.dll
0x00007ff826e10000 - 0x00007ff826e90000 	C:\WINDOWS\System32\bcryptPrimitives.dll
0x00007ff828280000 - 0x00007ff8282ae000 	C:\WINDOWS\System32\IMM32.DLL
0x00007ff813dc0000 - 0x00007ff813e5b000 	C:\Program Files\Java\jdk-13.0.2\bin\msvcp140.dll
0x00007fffe6e90000 - 0x00007fffe79ed000 	C:\Program Files\Java\jdk-13.0.2\bin\server\jvm.dll
0x00007ff8286b0000 - 0x00007ff8286b8000 	C:\WINDOWS\System32\PSAPI.DLL
0x00007ff80a310000 - 0x00007ff80a319000 	C:\WINDOWS\SYSTEM32\WSOCK32.dll
0x00007ff8287d0000 - 0x00007ff82883f000 	C:\WINDOWS\System32\WS2_32.dll
0x00007ff8244b0000 - 0x00007ff8244d4000 	C:\WINDOWS\SYSTEM32\WINMM.dll
0x00007ff824030000 - 0x00007ff82405d000 	C:\WINDOWS\SYSTEM32\winmmbase.dll
0x00007ff826dc0000 - 0x00007ff826e0a000 	C:\WINDOWS\System32\cfgmgr32.dll
0x00007ff826960000 - 0x00007ff826971000 	C:\WINDOWS\System32\kernel.appcore.dll
0x00007ff825340000 - 0x00007ff825350000 	C:\Program Files\Java\jdk-13.0.2\bin\verify.dll
0x00007ff810cb0000 - 0x00007ff810ea4000 	C:\WINDOWS\SYSTEM32\DBGHELP.DLL
0x00007ff813220000 - 0x00007ff81324a000 	C:\WINDOWS\SYSTEM32\dbgcore.DLL
0x00007ff825030000 - 0x00007ff825056000 	C:\Program Files\Java\jdk-13.0.2\bin\java.dll
0x00007ff825000000 - 0x00007ff825017000 	C:\Program Files\Java\jdk-13.0.2\bin\zip.dll
0x00007ff825330000 - 0x00007ff82533a000 	C:\Program Files\Java\jdk-13.0.2\bin\jimage.dll

dbghelp: loaded successfully - version: 4.0.5 - missing functions: none
symbol engine: initialized successfully - sym options: 0x614 - pdb path: .;C:\Program Files\Java\jdk-13.0.2\bin;C:\WINDOWS\SYSTEM32;C:\WINDOWS\WinSxS\amd64_microsoft.windows.common-controls_6595b64144ccf1df_6.0.18362.836_none_e6c4b943130f18ed;C:\Program Files\Java\jdk-13.0.2\bin\server

VM Arguments:
jvm_args: -XX:TieredStopAtLevel=1 -Xverify:none -Dspring.output.ansi.enabled=always -Dcom.sun.management.jmxremote -Dcom.sun.management.jmxremote.port=63621 -Dcom.sun.management.jmxremote.authenticate=false -Dcom.sun.management.jmxremote.ssl=false -Djava.rmi.server.hostname=localhost -Dspring.liveBeansView.mbeanDomain -Dspring.application.admin.enabled=true -Didea.launcher.port=63622 -Didea.launcher.bin.path=C:\Program Files\JetBrains\IntelliJ IDEA 2018.3.3\bin -Dfile.encoding=UTF-8 
java_command: com.intellij.rt.execution.application.AppMainV2 com.example.eruake.EruakeApplication
java_class_path (initial): D:\CloudDemo\eruake\target\classes;D:\60198\.m2\repository\org\springframework\cloud\spring-cloud-starter-netflix-eureka-server\2.2.2.RELEASE\spring-cloud-starter-netflix-eureka-server-2.2.2.RELEASE.jar;D:\60198\.m2\repository\org\springframework\cloud\spring-cloud-starter\2.2.2.RELEASE\spring-cloud-starter-2.2.2.RELEASE.jar;D:\60198\.m2\repository\org\springframework\cloud\spring-cloud-context\2.2.2.RELEASE\spring-cloud-context-2.2.2.RELEASE.jar;D:\60198\.m2\repository\org\springframework\security\spring-security-crypto\5.2.2.RELEASE\spring-security-crypto-5.2.2.RELEASE.jar;D:\60198\.m2\repository\org\springframework\cloud\spring-cloud-commons\2.2.2.RELEASE\spring-cloud-commons-2.2.2.RELEASE.jar;D:\60198\.m2\repository\org\springframework\security\spring-security-rsa\1.0.9.RELEASE\spring-security-rsa-1.0.9.RELEASE.jar;D:\60198\.m2\repository\org\bouncycastle\bcpkix-jdk15on\1.64\bcpkix-jdk15on-1.64.jar;D:\60198\.m2\repository\org\bouncycastle\bcprov-jdk15on\1.64\bcprov-jdk15on-1.64.jar;D:\60198\.m2\repository\org\springframework\cloud\spring-cloud-netflix-eureka-server\2.2.2.RELEASE\spring-cloud-netflix-eureka-server-2.2.2.RELEASE.jar;D:\60198\.m2\repository\org\springframework\boot\spring-boot-starter-web\2.2.6.RELEASE\spring-boot-starter-web-2.2.6.RELEASE.jar;D:\60198\.m2\repository\org\springframework\boot\spring-boot-starter-json\2.2.6.RELEASE\spring-boot-starter-json-2.2.6.RELEASE.jar;D:\60198\.m2\repository\com\fasterxml\jackson\datatype\jackson-datatype-jdk8\2.10.3\jackson-datatype-jdk8-2.10.3.jar;D:\60198\.m2\repository\com\fasterxml\jackson\datatype\jackson-datatype-jsr310\2.10.3\jackson-datatype-jsr310-2.10.3.jar;D:\60198\.m2\repository\com\fasterxml\jackson\module\jackson-module-parameter-names\2.10.3\jackson-module-parameter-names-2.10.3.jar;D:\60198\.m2\repository\org\springframework\boot\spring-boot-starter-tomcat\2.2.6.RELEASE\spring-boot-starter-tomcat-2.2.6.RELEASE.jar;D:\60198\.m2\repository\org\apache\tomcat\embed\tomc
Launcher Type: SUN_STANDARD

[Global flags]
     intx CICompilerCount                          = 4                                         {product} {ergonomic}
     uint ConcGCThreads                            = 2                                         {product} {ergonomic}
     uint G1ConcRefinementThreads                  = 8                                         {product} {ergonomic}
   size_t G1HeapRegionSize                         = 1048576                                   {product} {ergonomic}
    uintx GCDrainStackTargetSize                   = 64                                        {product} {ergonomic}
   size_t InitialHeapSize                          = 134217728                                 {product} {ergonomic}
     bool ManagementServer                         = true                                      {product} {command line}
   size_t MarkStackSize                            = 4194304                                   {product} {ergonomic}
   size_t MaxHeapSize                              = 2118123520                                {product} {ergonomic}
   size_t MinHeapDeltaBytes                        = 1048576                                   {product} {ergonomic}
   size_t MinHeapSize                              = 8388608                                   {product} {ergonomic}
    uintx NonNMethodCodeHeapSize                   = 7549744                                {pd product} {ergonomic}
    uintx NonProfiledCodeHeapSize                  = 244108496                              {pd product} {ergonomic}
    uintx ProfiledCodeHeapSize                     = 0                                      {pd product} {ergonomic}
    uintx ReservedCodeCacheSize                    = 251658240                              {pd product} {ergonomic}
     bool SegmentedCodeCache                       = true                                      {product} {ergonomic}
   size_t SoftMaxHeapSize                          = 2118123520                             {manageable} {ergonomic}
     intx TieredStopAtLevel                        = 1                                         {product} {command line}
     bool UseCompressedClassPointers               = true                                 {lp64_product} {ergonomic}
     bool UseCompressedOops                        = true                                 {lp64_product} {ergonomic}
     bool UseG1GC                                  = true                                      {product} {ergonomic}
     bool UseLargePagesIndividualAllocation        = false                                  {pd product} {ergonomic}

Logging:
Log output configuration:
 #0: stdout all=warning uptime,level,tags
 #1: stderr all=off uptime,level,tags

Environment Variables:
JAVA_HOME=C:\Program Files\Java\jdk-13.0.2
PATH=D:\Program Files (x86)\NetSarang\Xshell 6\;C:\WINDOWS\system32;C:\WINDOWS;C:\WINDOWS\System32\Wbem;C:\WINDOWS\System32\WindowsPowerShell\v1.0\;C:\WINDOWS\System32\OpenSSH\;C:\Program Files\Microsoft SQL Server\130\Tools\Binn\;C:\Program Files\dotnet\;C:\Program Files\Java\jdk-11.0.1\bin;C:\Program Files (x86)\Lua\5.1;C:\Program Files (x86)\Lua\5.1\clibs;C:\Program Files (x86)\NVIDIA Corporation\PhysX\Common;C:\Program Files\MySQL\MySQL Server 5.5\bin;D:\apache-tomcat\apache-tomcat-7.0.52-windows-x64\apache-tomcat-7.0.52\bin;C:\Program Files\nodejs\;C:\Program Files\Microsoft SQL Server\Client SDK\ODBC\170\Tools\Binn\;C:\Strawberry\c\bin;C:\Strawberry\perl\site\bin;C:\Strawberry\perl\bin;C:\Go\bin;C:\Program Files (x86)\Steel Bank Common Lisp\1.4.14\;C:\WINDOWS\system32;C:\WINDOWS;C:\WINDOWS\System32\Wbem;C:\WINDOWS\System32\WindowsPowerShell\v1.0\;C:\WINDOWS\System32\OpenSSH\;C:\Program Files\PuTTY\;C:\Program Files (x86)\Chez Scheme 9.5\bin\ti3nt;C:\Program Files (x86)\scala\bin;D:\Program Files (x86)\zookeeper-3.4.14\bin;C:\Program Files\Git\cmd;D:\Program Files\erl10.6\bin;C:\Program Files\TortoiseSVN\bin;C:\Program Files\Java\jdk-13.0.2\bin;%JAVA_HONE%\jre\bin;D:\Program Files (x86)\apache-maven-3.6.3\bin;D:\Program Files (x86)\Anaconda;D:\Program Files (x86)\Anaconda\Library\mingw-w64\bin;D:\Program Files (x86)\Anaconda\Library\usr\bin;D:\Program Files (x86)\Anaconda\Library\bin;D:\Program Files (x86)\Anaconda\Scripts;C:\Users\60198\AppData\Roaming\local\bin;C:\Users\60198\.cargo\bin;C:\Users\60198\AppData\Local\Programs\Python\Python37-32\Scripts\;C:\Users\60198\AppData\Local\Programs\Python\Python37-32\;C:\Users\60198\AppData\Local\Microsoft\WindowsApps;C:\Program Files\JetBrains\PyCharm 2018.3.3\bin;;C:\Program Files\JetBrains\IntelliJ IDEA 2018.3.3\bin;;C:\Users\60198\AppData\Local\Programs\Microsoft VS Code\bin;D:\Program Files\JetBrains\WebStorm 2018.3.3\bin;;C:\Program Files\Bandizip\;C:\Users\60198\AppData\Roaming\npm;C:\Users\60198\go\bin;D:\Program 
USERNAME=60198
OS=Windows_NT
PROCESSOR_IDENTIFIER=Intel64 Family 6 Model 60 Stepping 3, GenuineIntel



---------------  S Y S T E M  ---------------

OS: Windows 10 , 64 bit Build 18362 (10.0.18362.778)
HyperV virtualization detected

CPU:total 8 (initial active 8) (4 cores per cpu, 2 threads per core) family 6 model 60 stepping 3, cmov, cx8, fxsr, mmx, sse, sse2, sse3, ssse3, sse4.1, sse4.2, popcnt, avx, avx2, aes, clmul, erms, lzcnt, ht, tsc, tscinvbit, bmi1, bmi2, fma

Memory: 4k page, system-wide physical 8076M (653M free)
TotalPageFile size 21454M (AvailPageFile size 52M)
current process WorkingSet (physical memory assigned to process): 10M, peak: 10M
current process commit charge ("private bytes"): 58M, peak: 185M

vm_info: Java HotSpot(TM) 64-Bit Server VM (13.0.2+8) for windows-amd64 JRE (13.0.2+8), built on Dec 11 2019 09:20:33 by "mach5one" with unknown MS VC++:1916

END.
